[debug] [2022-06-20T19:16:33.618Z] ----------------------------------------------------------------------
[debug] [2022-06-20T19:16:33.620Z] Command:       C:\Program Files (x86)\nodejs\node.exe C:\Users\andre\AppData\Roaming\npm\node_modules\firebase-tools\lib\bin\firebase.js init
[debug] [2022-06-20T19:16:33.621Z] CLI Version:   11.0.1
[debug] [2022-06-20T19:16:33.621Z] Platform:      win32
[debug] [2022-06-20T19:16:33.621Z] Node Version:  v16.14.1
[debug] [2022-06-20T19:16:33.629Z] Time:          Mon Jun 20 2022 20:16:33 GMT+0100 (West Africa Standard Time)
[debug] [2022-06-20T19:16:33.630Z] ----------------------------------------------------------------------
[debug] 
[debug] [2022-06-20T19:16:33.641Z] >>> [apiv2][query] GET https://firebase-public.firebaseio.com/cli.json [none]
[debug] [2022-06-20T19:16:33.814Z] > command requires scopes: ["email","openid","https://www.googleapis.com/auth/cloudplatformprojects.readonly","https://www.googleapis.com/auth/firebase","https://www.googleapis.com/auth/cloud-platform"]
[debug] [2022-06-20T19:16:33.814Z] > authorizing via signed-in user (andreyscott301@gmail.com)
[info] 
     ######## #### ########  ######## ########     ###     ######  ########
     ##        ##  ##     ## ##       ##     ##  ##   ##  ##       ##
     ######    ##  ########  ######   ########  #########  ######  ######
     ##        ##  ##    ##  ##       ##     ## ##     ##       ## ##
     ##       #### ##     ## ######## ########  ##     ##  ######  ########

You're about to initialize a Firebase project in this directory:

  C:\Users\andre\Desktop\Github\profile

Before we get started, keep in mind:

  * You are initializing within an existing Firebase project directory

[debug] [2022-06-20T19:16:35.087Z] <<< [apiv2][status] GET https://firebase-public.firebaseio.com/cli.json 200
[debug] [2022-06-20T19:16:35.087Z] <<< [apiv2][body] GET https://firebase-public.firebaseio.com/cli.json {"cloudBuildErrorAfter":1594252800000,"cloudBuildWarnAfter":1590019200000,"defaultNode10After":1594252800000,"minVersion":"3.0.5","node8DeploysDisabledAfter":1613390400000,"node8RuntimeDisabledAfter":1615809600000,"node8WarnAfter":1600128000000}
